{"uid":"3b5652641e7dfe1c","name":"test_user_can_leave_a_review[chrome]","fullName":"tests.ui_tests.test_review_page.TestReviewPage#test_user_can_leave_a_review","historyId":"4f68603729ab707c27b0016ac19c89de","time":{"start":1674635514240,"stop":1674635518050,"duration":3810},"status":"broken","statusMessage":"selenium.common.exceptions.NoSuchElementException: Message: no such element: Unable to locate element: {\"method\":\"xpath\",\"selector\":\"/html/body/div\"}\n  (Session info: headless chrome=109.0.5414.74)\nStacktrace:\n#0 0x55a72b8b9303 <unknown>\n#1 0x55a72b68dd37 <unknown>\n#2 0x55a72b6ca5b2 <unknown>\n#3 0x55a72b6ca6c1 <unknown>\n#4 0x55a72b704b34 <unknown>\n#5 0x55a72b6ea9ad <unknown>\n#6 0x55a72b70288c <unknown>\n#7 0x55a72b6ea753 <unknown>\n#8 0x55a72b6bda14 <unknown>\n#9 0x55a72b6beb7e <unknown>\n#10 0x55a72b90832e <unknown>\n#11 0x55a72b90bc0e <unknown>\n#12 0x55a72b8ee610 <unknown>\n#13 0x55a72b90cc23 <unknown>\n#14 0x55a72b8e0545 <unknown>\n#15 0x55a72b92d6a8 <unknown>\n#16 0x55a72b92d836 <unknown>\n#17 0x55a72b948d13 <unknown>\n#18 0x7f0929f5cb43 <unknown>","statusTrace":"self = <tests.ui_tests.test_review_page.TestReviewPage object at 0x7f6075998dd0>\nbrowser = <selenium.webdriver.chrome.webdriver.WebDriver (session=\"8f6affff948231629939ef444fde8dbb\")>\nuser = User mspfduqk-->+04220576384\n\n    def test_user_can_leave_a_review(self, browser, user):\n        reg = RegisterPage(browser, 'http://localhost:5000/auth/register')\n        reg.open()\n        reg.register_new_user(user.username, user.phone_number)\n        reg.send_sms_code()\n        page = ReviewPage(browser, self.REVIEW_LINK)\n        page.open()\n        page.user_should_see_a_leave_review_button()\n        page.user_can_leave_a_review()\n>       page.thank_you_review_message()\n\ntests/ui_tests/test_review_page.py:23: \n_ _ _ _ _ _ _ _ _ _ _ _ _ _ _ _ _ _ _ _ _ _ _ _ _ _ _ _ _ _ _ _ _ _ _ _ _ _ _ _ \ntests/ui_tests/pages/review_page.py:23: in thank_you_review_message\n    message = self.browser.find_element(*ReviewPageLocators.THANK_YOU_MESSAGE).text\n/opt/hostedtoolcache/Python/3.11.1/x64/lib/python3.11/site-packages/selenium/webdriver/remote/webdriver.py:830: in find_element\n    return self.execute(Command.FIND_ELEMENT, {\"using\": by, \"value\": value})[\"value\"]\n/opt/hostedtoolcache/Python/3.11.1/x64/lib/python3.11/site-packages/selenium/webdriver/remote/webdriver.py:440: in execute\n    self.error_handler.check_response(response)\n_ _ _ _ _ _ _ _ _ _ _ _ _ _ _ _ _ _ _ _ _ _ _ _ _ _ _ _ _ _ _ _ _ _ _ _ _ _ _ _ \n\nself = <selenium.webdriver.remote.errorhandler.ErrorHandler object at 0x7f60741b8790>\nresponse = {'status': 404, 'value': '{\"value\":{\"error\":\"no such element\",\"message\":\"no such element: Unable to locate element: {\\...\\\\n#16 0x55a72b92d836 \\\\u003Cunknown>\\\\n#17 0x55a72b948d13 \\\\u003Cunknown>\\\\n#18 0x7f0929f5cb43 \\\\u003Cunknown>\\\\n\"}}'}\n\n    def check_response(self, response: Dict[str, Any]) -> None:\n        \"\"\"Checks that a JSON response from the WebDriver does not have an\n        error.\n    \n        :Args:\n         - response - The JSON response from the WebDriver server as a dictionary\n           object.\n    \n        :Raises: If the response contains an error message.\n        \"\"\"\n        status = response.get(\"status\", None)\n        if not status or status == ErrorCode.SUCCESS:\n            return\n        value = None\n        message = response.get(\"message\", \"\")\n        screen: str = response.get(\"screen\", \"\")\n        stacktrace = None\n        if isinstance(status, int):\n            value_json = response.get(\"value\", None)\n            if value_json and isinstance(value_json, str):\n                import json\n    \n                try:\n                    value = json.loads(value_json)\n                    if len(value.keys()) == 1:\n                        value = value[\"value\"]\n                    status = value.get(\"error\", None)\n                    if not status:\n                        status = value.get(\"status\", ErrorCode.UNKNOWN_ERROR)\n                        message = value.get(\"value\") or value.get(\"message\")\n                        if not isinstance(message, str):\n                            value = message\n                            message = message.get(\"message\")\n                    else:\n                        message = value.get(\"message\", None)\n                except ValueError:\n                    pass\n    \n        exception_class: Type[WebDriverException]\n        if status in ErrorCode.NO_SUCH_ELEMENT:\n            exception_class = NoSuchElementException\n        elif status in ErrorCode.NO_SUCH_FRAME:\n            exception_class = NoSuchFrameException\n        elif status in ErrorCode.NO_SUCH_SHADOW_ROOT:\n            exception_class = NoSuchShadowRootException\n        elif status in ErrorCode.NO_SUCH_WINDOW:\n            exception_class = NoSuchWindowException\n        elif status in ErrorCode.STALE_ELEMENT_REFERENCE:\n            exception_class = StaleElementReferenceException\n        elif status in ErrorCode.ELEMENT_NOT_VISIBLE:\n            exception_class = ElementNotVisibleException\n        elif status in ErrorCode.INVALID_ELEMENT_STATE:\n            exception_class = InvalidElementStateException\n        elif (\n            status in ErrorCode.INVALID_SELECTOR\n            or status in ErrorCode.INVALID_XPATH_SELECTOR\n            or status in ErrorCode.INVALID_XPATH_SELECTOR_RETURN_TYPER\n        ):\n            exception_class = InvalidSelectorException\n        elif status in ErrorCode.ELEMENT_IS_NOT_SELECTABLE:\n            exception_class = ElementNotSelectableException\n        elif status in ErrorCode.ELEMENT_NOT_INTERACTABLE:\n            exception_class = ElementNotInteractableException\n        elif status in ErrorCode.INVALID_COOKIE_DOMAIN:\n            exception_class = InvalidCookieDomainException\n        elif status in ErrorCode.UNABLE_TO_SET_COOKIE:\n            exception_class = UnableToSetCookieException\n        elif status in ErrorCode.TIMEOUT:\n            exception_class = TimeoutException\n        elif status in ErrorCode.SCRIPT_TIMEOUT:\n            exception_class = TimeoutException\n        elif status in ErrorCode.UNKNOWN_ERROR:\n            exception_class = WebDriverException\n        elif status in ErrorCode.UNEXPECTED_ALERT_OPEN:\n            exception_class = UnexpectedAlertPresentException\n        elif status in ErrorCode.NO_ALERT_OPEN:\n            exception_class = NoAlertPresentException\n        elif status in ErrorCode.IME_NOT_AVAILABLE:\n            exception_class = ImeNotAvailableException\n        elif status in ErrorCode.IME_ENGINE_ACTIVATION_FAILED:\n            exception_class = ImeActivationFailedException\n        elif status in ErrorCode.MOVE_TARGET_OUT_OF_BOUNDS:\n            exception_class = MoveTargetOutOfBoundsException\n        elif status in ErrorCode.JAVASCRIPT_ERROR:\n            exception_class = JavascriptException\n        elif status in ErrorCode.SESSION_NOT_CREATED:\n            exception_class = SessionNotCreatedException\n        elif status in ErrorCode.INVALID_ARGUMENT:\n            exception_class = InvalidArgumentException\n        elif status in ErrorCode.NO_SUCH_COOKIE:\n            exception_class = NoSuchCookieException\n        elif status in ErrorCode.UNABLE_TO_CAPTURE_SCREEN:\n            exception_class = ScreenshotException\n        elif status in ErrorCode.ELEMENT_CLICK_INTERCEPTED:\n            exception_class = ElementClickInterceptedException\n        elif status in ErrorCode.INSECURE_CERTIFICATE:\n            exception_class = InsecureCertificateException\n        elif status in ErrorCode.INVALID_COORDINATES:\n            exception_class = InvalidCoordinatesException\n        elif status in ErrorCode.INVALID_SESSION_ID:\n            exception_class = InvalidSessionIdException\n        elif status in ErrorCode.UNKNOWN_METHOD:\n            exception_class = UnknownMethodException\n        else:\n            exception_class = WebDriverException\n        if not value:\n            value = response[\"value\"]\n        if isinstance(value, str):\n            raise exception_class(value)\n        if message == \"\" and \"message\" in value:\n            message = value[\"message\"]\n    \n        screen = None  # type: ignore[assignment]\n        if \"screen\" in value:\n            screen = value[\"screen\"]\n    \n        stacktrace = None\n        st_value = value.get(\"stackTrace\") or value.get(\"stacktrace\")\n        if st_value:\n            if isinstance(st_value, str):\n                stacktrace = st_value.split(\"\\n\")\n            else:\n                stacktrace = []\n                try:\n                    for frame in st_value:\n                        line = frame.get(\"lineNumber\", \"\")\n                        file = frame.get(\"fileName\", \"<anonymous>\")\n                        if line:\n                            file = f\"{file}:{line}\"\n                        meth = frame.get(\"methodName\", \"<anonymous>\")\n                        if \"className\" in frame:\n                            meth = f\"{frame['className']}.{meth}\"\n                        msg = \"    at %s (%s)\"\n                        msg = msg % (meth, file)\n                        stacktrace.append(msg)\n                except TypeError:\n                    pass\n        if exception_class == UnexpectedAlertPresentException:\n            alert_text = None\n            if \"data\" in value:\n                alert_text = value[\"data\"].get(\"text\")\n            elif \"alert\" in value:\n                alert_text = value[\"alert\"].get(\"text\")\n            raise exception_class(message, screen, stacktrace, alert_text)  # type: ignore[call-arg]  # mypy is not smart enough here\n>       raise exception_class(message, screen, stacktrace)\nE       selenium.common.exceptions.NoSuchElementException: Message: no such element: Unable to locate element: {\"method\":\"xpath\",\"selector\":\"/html/body/div\"}\nE         (Session info: headless chrome=109.0.5414.74)\nE       Stacktrace:\nE       #0 0x55a72b8b9303 <unknown>\nE       #1 0x55a72b68dd37 <unknown>\nE       #2 0x55a72b6ca5b2 <unknown>\nE       #3 0x55a72b6ca6c1 <unknown>\nE       #4 0x55a72b704b34 <unknown>\nE       #5 0x55a72b6ea9ad <unknown>\nE       #6 0x55a72b70288c <unknown>\nE       #7 0x55a72b6ea753 <unknown>\nE       #8 0x55a72b6bda14 <unknown>\nE       #9 0x55a72b6beb7e <unknown>\nE       #10 0x55a72b90832e <unknown>\nE       #11 0x55a72b90bc0e <unknown>\nE       #12 0x55a72b8ee610 <unknown>\nE       #13 0x55a72b90cc23 <unknown>\nE       #14 0x55a72b8e0545 <unknown>\nE       #15 0x55a72b92d6a8 <unknown>\nE       #16 0x55a72b92d836 <unknown>\nE       #17 0x55a72b948d13 <unknown>\nE       #18 0x7f0929f5cb43 <unknown>\n\n/opt/hostedtoolcache/Python/3.11.1/x64/lib/python3.11/site-packages/selenium/webdriver/remote/errorhandler.py:245: NoSuchElementException","flaky":false,"newFailed":false,"newBroken":false,"newPassed":false,"retriesCount":0,"retriesStatusChange":false,"beforeStages":[{"name":"app","time":{"start":1674635455510,"stop":1674635455612,"duration":102},"status":"passed","steps":[],"attachments":[],"parameters":[],"stepsCount":0,"attachmentsCount":0,"shouldDisplayMessage":false,"hasContent":false},{"name":"server","time":{"start":1674635455612,"stop":1674635455615,"duration":3},"status":"passed","steps":[],"attachments":[],"parameters":[],"stepsCount":0,"attachmentsCount":0,"shouldDisplayMessage":false,"hasContent":false},{"name":"browser","time":{"start":1674635513297,"stop":1674635514239,"duration":942},"status":"passed","steps":[],"attachments":[],"parameters":[],"stepsCount":0,"attachmentsCount":0,"shouldDisplayMessage":false,"hasContent":false},{"name":"user","time":{"start":1674635514240,"stop":1674635514240,"duration":0},"status":"passed","steps":[],"attachments":[],"parameters":[],"stepsCount":0,"attachmentsCount":0,"shouldDisplayMessage":false,"hasContent":false}],"afterStages":[{"name":"browser::0","time":{"start":1674635518134,"stop":1674635518371,"duration":237},"status":"passed","steps":[],"attachments":[{"uid":"c2faeb7de827a2df","name":"Screenshot test_user_can_leave_a_review[chrome]","source":"c2faeb7de827a2df.png","type":"image/png","size":24483}],"parameters":[],"stepsCount":0,"attachmentsCount":1,"shouldDisplayMessage":false,"hasContent":true},{"name":"server::0","time":{"start":1674635518371,"stop":1674635518372,"duration":1},"status":"passed","steps":[],"attachments":[],"parameters":[],"stepsCount":0,"attachmentsCount":0,"shouldDisplayMessage":false,"hasContent":false}],"labels":[{"name":"parentSuite","value":"tests.ui_tests"},{"name":"suite","value":"test_review_page"},{"name":"subSuite","value":"TestReviewPage"},{"name":"host","value":"fv-az189-941"},{"name":"thread","value":"2409-MainThread"},{"name":"framework","value":"pytest"},{"name":"language","value":"cpython3"},{"name":"package","value":"tests.ui_tests.test_review_page"},{"name":"resultFormat","value":"allure2"}],"parameters":[{"name":"browser","value":"'chrome'"}],"links":[],"hidden":false,"retry":false,"extra":{"severity":"normal","retries":[],"categories":[{"name":"Test defects","matchedStatuses":[],"flaky":false}],"history":{"statistic":{"failed":0,"broken":7,"skipped":0,"passed":1,"unknown":0,"total":8},"items":[{"uid":"d8d40b1fd295822d","reportUrl":"https://Vadim-AM.github.io/Customer-service/39//#testresult/d8d40b1fd295822d","status":"broken","statusDetails":"sqlalchemy.exc.OperationalError: (sqlite3.OperationalError) table user already exists\n[SQL: \nCREATE TABLE user (\n\tid INTEGER NOT NULL, \n\tusername VARCHAR(64), \n\tphone_number VARCHAR(120), \n\tpassword_hash VARCHAR(128), \n\tlast_seen VARCHAR, \n\tPRIMARY KEY (id)\n)\n\n]\n(Background on this error at: https://sqlalche.me/e/14/e3q8)","time":{"start":1674635293297,"stop":1674635293297,"duration":0}},{"uid":"fc6390307bb1d38d","reportUrl":"https://Vadim-AM.github.io/Customer-service/38//#testresult/fc6390307bb1d38d","status":"broken","statusDetails":"sqlalchemy.exc.OperationalError: (sqlite3.OperationalError) table user already exists\n[SQL: \nCREATE TABLE user (\n\tid INTEGER NOT NULL, \n\tusername VARCHAR(64), \n\tphone_number VARCHAR(120), \n\tpassword_hash VARCHAR(128), \n\tlast_seen VARCHAR, \n\tPRIMARY KEY (id)\n)\n\n]\n(Background on this error at: https://sqlalche.me/e/14/e3q8)","time":{"start":1674635255611,"stop":1674635255611,"duration":0}},{"uid":"7e138b991623f951","reportUrl":"https://Vadim-AM.github.io/Customer-service/37//#testresult/7e138b991623f951","status":"broken","statusDetails":"selenium.common.exceptions.WebDriverException: Message: unknown error: net::ERR_CONNECTION_REFUSED\n  (Session info: headless chrome=109.0.5414.74)\nStacktrace:\n#0 0x56423e014303 <unknown>\n#1 0x56423dde8d37 <unknown>\n#2 0x56423dde0d85 <unknown>\n#3 0x56423ddd3f87 <unknown>\n#4 0x56423ddd54e9 <unknown>\n#5 0x56423ddd42fe <unknown>\n#6 0x56423ddd3432 <unknown>\n#7 0x56423ddd3285 <unknown>\n#8 0x56423ddd1c77 <unknown>\n#9 0x56423ddd22a4 <unknown>\n#10 0x56423ddeac48 <unknown>\n#11 0x56423de5df15 <unknown>\n#12 0x56423de45982 <unknown>\n#13 0x56423de5d88c <unknown>\n#14 0x56423de45753 <unknown>\n#15 0x56423de18a14 <unknown>\n#16 0x56423de19b7e <unknown>\n#17 0x56423e06332e <unknown>\n#18 0x56423e066c0e <unknown>\n#19 0x56423e049610 <unknown>\n#20 0x56423e067c23 <unknown>\n#21 0x56423e03b545 <unknown>\n#22 0x56423e0886a8 <unknown>\n#23 0x56423e088836 <unknown>\n#24 0x56423e0a3d13 <unknown>\n#25 0x7f2533af4b43 <unknown>","time":{"start":1674633961162,"stop":1674633961207,"duration":45}},{"uid":"53ede29c2238fb69","reportUrl":"https://Vadim-AM.github.io/Customer-service/35//#testresult/53ede29c2238fb69","status":"broken","statusDetails":"sqlalchemy.exc.OperationalError: (sqlite3.OperationalError) table user already exists\n[SQL: \nCREATE TABLE user (\n\tid INTEGER NOT NULL, \n\tusername VARCHAR(64), \n\tphone_number VARCHAR(120), \n\tpassword_hash VARCHAR(128), \n\tlast_seen VARCHAR, \n\tPRIMARY KEY (id)\n)\n\n]\n(Background on this error at: https://sqlalche.me/e/14/e3q8)","time":{"start":1674631590845,"stop":1674631590845,"duration":0}},{"uid":"86e098b1bd0c464b","reportUrl":"https://Vadim-AM.github.io/Customer-service/36//#testresult/86e098b1bd0c464b","status":"broken","statusDetails":"sqlalchemy.exc.OperationalError: (sqlite3.OperationalError) table user already exists\n[SQL: \nCREATE TABLE user (\n\tid INTEGER NOT NULL, \n\tusername VARCHAR(64), \n\tphone_number VARCHAR(120), \n\tpassword_hash VARCHAR(128), \n\tlast_seen VARCHAR, \n\tPRIMARY KEY (id)\n)\n\n]\n(Background on this error at: https://sqlalche.me/e/14/e3q8)","time":{"start":1674631126699,"stop":1674631126699,"duration":0}},{"uid":"5058eb09d32fb64f","reportUrl":"https://Vadim-AM.github.io/Customer-service/35//#testresult/5058eb09d32fb64f","status":"broken","statusDetails":"selenium.common.exceptions.NoSuchElementException: Message: no such element: Unable to locate element: {\"method\":\"css selector\",\"selector\":\"body > div.alert.alert-info.fade.show\"}\n  (Session info: headless chrome=109.0.5414.74)\nStacktrace:\n#0 0x562cf62cf303 <unknown>\n#1 0x562cf60a3d37 <unknown>\n#2 0x562cf60e05b2 <unknown>\n#3 0x562cf60e06c1 <unknown>\n#4 0x562cf611ab34 <unknown>\n#5 0x562cf61009ad <unknown>\n#6 0x562cf611888c <unknown>\n#7 0x562cf6100753 <unknown>\n#8 0x562cf60d3a14 <unknown>\n#9 0x562cf60d4b7e <unknown>\n#10 0x562cf631e32e <unknown>\n#11 0x562cf6321c0e <unknown>\n#12 0x562cf6304610 <unknown>\n#13 0x562cf6322c23 <unknown>\n#14 0x562cf62f6545 <unknown>\n#15 0x562cf63436a8 <unknown>\n#16 0x562cf6343836 <unknown>\n#17 0x562cf635ed13 <unknown>\n#18 0x7f685019cb43 <unknown>","time":{"start":1674630823982,"stop":1674630825992,"duration":2010}},{"uid":"c3202810ba682df7","reportUrl":"https://Vadim-AM.github.io/Customer-service/34//#testresult/c3202810ba682df7","status":"passed","time":{"start":1674591842822,"stop":1674591846042,"duration":3220}}]},"tags":[]},"source":"3b5652641e7dfe1c.json","parameterValues":["'chrome'"]}